<?xml version="1.0" encoding="UTF-8"?>
<!-- Generated by org.testng.reporters.JUnitXMLReporter -->
<testsuite ignored="0" hostname="Mohiths-MacBook-Air.local" failures="0" tests="2" name="Linux-Firefox" time="15.094" errors="0" timestamp="2026-02-15T21:30:07 IST">
  <testcase classname="testCases.TC001_AccountRegistrationTest" name="verify_account_registration" time="2.279"/>
  <testcase classname="testCases.TC002_LoginTest" name="verify_login" time="6.443"/>
</testsuite> <!-- Linux-Firefox -->
