<?xml version="1.0" encoding="UTF-8"?>
<testsuite xmlns:xsi="http://www.w3.org/2001/XMLSchema-instance" xsi:noNamespaceSchemaLocation="https://maven.apache.org/surefire/maven-surefire-plugin/xsd/surefire-test-report.xsd" version="3.0.2" name="TestSuite" time="12.823" tests="2" errors="0" skipped="0" failures="0">
  <properties>
[...]
</properties>
  <testcase name="verify_account_registration" classname="testCases.TC001_AccountRegistrationTest" time="3.653">
    <system-out><![CDATA[2026-02-16 22:41:42 [main] DEBUG org.testng.TestNG - suiteXmlPath: "/Users/mohithpandikunta/eclipse-workspace/AutomationTestingProject/testng.xml"
2026-02-16 22:41:46 [main] INFO  testCases.TC001_AccountRegistrationTest - ******** Starting TC001_AccountRegistrationTest *********
2026-02-16 22:41:46 [main] INFO  testCases.TC001_AccountRegistrationTest - Clicked on MY Account
2026-02-16 22:41:48 [main] INFO  testCases.TC001_AccountRegistrationTest - Clicked on Register
2026-02-16 22:41:48 [main] INFO  testCases.TC001_AccountRegistrationTest - Providing customer details.... 
2026-02-16 22:41:48 [main] INFO  testCases.TC001_AccountRegistrationTest - Validting Expected Message.... 
2026-02-16 22:41:49 [main] INFO  testCases.TC001_AccountRegistrationTest - ********* Test Finished *****
]]></system-out>
    <system-err><![CDATA[Feb 16, 2026 10:41:43 PM org.openqa.selenium.devtools.CdpVersionFinder findNearestMatch
WARNING: Unable to find an exact match for CDP version 145, returning the closest version; found: 144; Please update to a Selenium version that supports CDP version 145
]]></system-err>
  </testcase>
  <testcase name="verify_login" classname="testCases.TC002_LoginTest" time="1.21">
    <system-out><![CDATA[2026-02-16 22:41:53 [main] INFO  testCases.TC002_LoginTest - **** Starting TC_002_LoginTest  ****
2026-02-16 22:41:53 [main] DEBUG testCases.TC002_LoginTest - capturing application debug logs....
2026-02-16 22:41:53 [main] INFO  testCases.TC002_LoginTest - clicked on myaccount link on the home page..
2026-02-16 22:41:53 [main] INFO  testCases.TC002_LoginTest - clicked on login link under myaccount..
2026-02-16 22:41:53 [main] INFO  testCases.TC002_LoginTest - Entering valid email and password..
2026-02-16 22:41:53 [main] INFO  testCases.TC002_LoginTest - clicked on ligin button..
2026-02-16 22:41:54 [main] INFO  testCases.TC002_LoginTest - **** Finished TC_002_LoginTest  ****
]]></system-out>
    <system-err><![CDATA[Feb 16, 2026 10:41:51 PM org.openqa.selenium.devtools.CdpVersionFinder findNearestMatch
WARNING: Unable to find an exact match for CDP version 145, returning the closest version; found: 144; Please update to a Selenium version that supports CDP version 145
]]></system-err>
  </testcase>
</testsuite>