<?xml version="1.0" encoding="UTF-8"?>
<!-- Generated by org.testng.reporters.JUnitReportReporter -->
<testsuite hostname="Mohiths-MacBook-Air.local" failures="0" tests="2" name="testCases.TC001_AccountRegistrationTest" time="4.239" errors="0" timestamp="2026-02-15T21:30:07 IST" skipped="0">
  <testcase classname="testCases.TC001_AccountRegistrationTest" name="verify_account_registration" time="1.960"/>
  <testcase classname="testCases.TC001_AccountRegistrationTest" name="verify_account_registration" time="2.279"/>
</testsuite> <!-- testCases.TC001_AccountRegistrationTest -->
